2015/04/25 16:43:55 [error] [exception.CHttpException.403] exception 'CHttpException' with message 'You are not authorized to perform this action.' in D:\wamp\www\framework\web\auth\CAccessControlFilter.php:182
Stack trace:
#0 D:\wamp\www\framework\web\auth\CAccessControlFilter.php(145): CAccessControlFilter->accessDenied(Object(CWebUser), 'You are not aut...')
#1 D:\wamp\www\framework\web\filters\CFilter.php(38): CAccessControlFilter->preFilter(Object(CFilterChain))
#2 D:\wamp\www\framework\web\CController.php(1145): CFilter->filter(Object(CFilterChain))
#3 D:\wamp\www\framework\web\filters\CInlineFilter.php(58): CController->filterAccessControl(Object(CFilterChain))
#4 D:\wamp\www\framework\web\filters\CFilterChain.php(130): CInlineFilter->filter(Object(CFilterChain))
#5 D:\wamp\www\framework\web\CController.php(291): CFilterChain->run()
#6 D:\wamp\www\framework\web\CController.php(265): CController->runActionWithFilters(Object(CInlineAction), Array)
#7 D:\wamp\www\framework\web\CWebApplication.php(284): CController->run('admin')
#8 D:\wamp\www\framework\web\CWebApplication.php(142): CWebApplication->runController('user/admin')
#9 D:\wamp\www\framework\base\CApplication.php(187): CWebApplication->processRequest()
#10 D:\wamp\www\testYii\index.php(13): CApplication->run()
#11 {main}
REQUEST_URI=/testYii/index.php?r=user/admin
HTTP_REFERER=http://localhost/testYii/index.php?r=user/create
---
2015/04/25 16:48:04 [error] [exception.CHttpException.403] exception 'CHttpException' with message 'You are not authorized to perform this action.' in D:\wamp\www\framework\web\auth\CAccessControlFilter.php:182
Stack trace:
#0 D:\wamp\www\framework\web\auth\CAccessControlFilter.php(145): CAccessControlFilter->accessDenied(Object(CWebUser), 'You are not aut...')
#1 D:\wamp\www\framework\web\filters\CFilter.php(38): CAccessControlFilter->preFilter(Object(CFilterChain))
#2 D:\wamp\www\framework\web\CController.php(1145): CFilter->filter(Object(CFilterChain))
#3 D:\wamp\www\framework\web\filters\CInlineFilter.php(58): CController->filterAccessControl(Object(CFilterChain))
#4 D:\wamp\www\framework\web\filters\CFilterChain.php(130): CInlineFilter->filter(Object(CFilterChain))
#5 D:\wamp\www\framework\web\CController.php(291): CFilterChain->run()
#6 D:\wamp\www\framework\web\CController.php(265): CController->runActionWithFilters(Object(CInlineAction), Array)
#7 D:\wamp\www\framework\web\CWebApplication.php(284): CController->run('admin')
#8 D:\wamp\www\framework\web\CWebApplication.php(142): CWebApplication->runController('user/admin')
#9 D:\wamp\www\framework\base\CApplication.php(187): CWebApplication->processRequest()
#10 D:\wamp\www\testYii\index.php(13): CApplication->run()
#11 {main}
REQUEST_URI=/testYii/index.php?r=user/admin
HTTP_REFERER=http://localhost/testYii/index.php?r=user/index
---
2015/07/06 16:58:16 [error] [php] Use of undefined constant CSS_URL - assumed 'CSS_URL' (D:\wamp\www\reborn\protected\views\user\login.php:6)
Stack trace:
#0 D:\wamp\www\framework\web\CController.php(869): UserController->renderFile()
#1 D:\wamp\www\reborn\protected\controllers\UserController.php(40): UserController->renderPartial()
#2 D:\wamp\www\framework\web\actions\CInlineAction.php(49): UserController->actionLogin()
#3 D:\wamp\www\framework\web\CController.php(308): CInlineAction->runWithParams()
#4 D:\wamp\www\framework\web\CController.php(286): UserController->runAction()
#5 D:\wamp\www\framework\web\CController.php(265): UserController->runActionWithFilters()
#6 D:\wamp\www\framework\web\CWebApplication.php(284): UserController->run()
#7 D:\wamp\www\framework\web\CWebApplication.php(142): CWebApplication->runController()
#8 D:\wamp\www\framework\base\CApplication.php(187): CWebApplication->processRequest()
#9 D:\wamp\www\reborn\index.php(22): CWebApplication->run()
REQUEST_URI=/reborn/index.php?r=user/login
in D:\wamp\www\reborn\protected\views\user\login.php (6)
in D:\wamp\www\reborn\protected\controllers\UserController.php (40)
in D:\wamp\www\reborn\index.php (22)
2015/07/06 16:59:02 [error] [php] Use of undefined constant CSS_URL - assumed 'CSS_URL' (D:\wamp\www\reborn\protected\views\user\login.php:6)
Stack trace:
#0 D:\wamp\www\framework\web\CController.php(869): UserController->renderFile()
#1 D:\wamp\www\reborn\protected\controllers\UserController.php(40): UserController->renderPartial()
#2 D:\wamp\www\framework\web\actions\CInlineAction.php(49): UserController->actionLogin()
#3 D:\wamp\www\framework\web\CController.php(308): CInlineAction->runWithParams()
#4 D:\wamp\www\framework\web\CController.php(286): UserController->runAction()
#5 D:\wamp\www\framework\web\CController.php(265): UserController->runActionWithFilters()
#6 D:\wamp\www\framework\web\CWebApplication.php(284): UserController->run()
#7 D:\wamp\www\framework\web\CWebApplication.php(142): CWebApplication->runController()
#8 D:\wamp\www\framework\base\CApplication.php(187): CWebApplication->processRequest()
#9 D:\wamp\www\reborn\index.php(22): CWebApplication->run()
REQUEST_URI=/reborn/
in D:\wamp\www\reborn\protected\views\user\login.php (6)
in D:\wamp\www\reborn\protected\controllers\UserController.php (40)
in D:\wamp\www\reborn\index.php (22)
2015/07/06 17:00:15 [error] [exception.CException] exception 'CException' with message '属性 "LoginForm.usertype" 未被定义.' in D:\wamp\www\framework\base\CComponent.php:173
Stack trace:
#0 D:\wamp\www\reborn\protected\views\user\login.php(54): CComponent->__set('usertype', 'student')
#1 D:\wamp\www\framework\web\CBaseController.php(126): require('D:\\wamp\\www\\reb...')
#2 D:\wamp\www\framework\web\CBaseController.php(95): CBaseController->renderInternal('D:\\wamp\\www\\reb...', Array, true)
#3 D:\wamp\www\framework\web\CController.php(869): CBaseController->renderFile('D:\\wamp\\www\\reb...', Array, true)
#4 D:\wamp\www\reborn\protected\controllers\UserController.php(40): CController->renderPartial('login', Array)
#5 D:\wamp\www\framework\web\actions\CInlineAction.php(49): UserController->actionLogin()
#6 D:\wamp\www\framework\web\CController.php(308): CInlineAction->runWithParams(Array)
#7 D:\wamp\www\framework\web\CController.php(286): CController->runAction(Object(CInlineAction))
#8 D:\wamp\www\framework\web\CController.php(265): CController->runActionWithFilters(Object(CInlineAction), Array)
#9 D:\wamp\www\framework\web\CWebApplication.php(284): CController->run('login')
#10 D:\wamp\www\framework\web\CWebApplication.php(142): CWebApplication->runController('')
#11 D:\wamp\www\framework\base\CApplication.php(187): CWebApplication->processRequest()
#12 D:\wamp\www\reborn\index.php(25): CApplication->run()
#13 {main}
REQUEST_URI=/reborn/
---
2015/07/06 17:00:22 [error] [exception.CException] exception 'CException' with message '属性 "LoginForm.usertype" 未被定义.' in D:\wamp\www\framework\base\CComponent.php:173
Stack trace:
#0 D:\wamp\www\reborn\protected\views\user\login.php(54): CComponent->__set('usertype', 'student')
#1 D:\wamp\www\framework\web\CBaseController.php(126): require('D:\\wamp\\www\\reb...')
#2 D:\wamp\www\framework\web\CBaseController.php(95): CBaseController->renderInternal('D:\\wamp\\www\\reb...', Array, true)
#3 D:\wamp\www\framework\web\CController.php(869): CBaseController->renderFile('D:\\wamp\\www\\reb...', Array, true)
#4 D:\wamp\www\reborn\protected\controllers\UserController.php(40): CController->renderPartial('login', Array)
#5 D:\wamp\www\framework\web\actions\CInlineAction.php(49): UserController->actionLogin()
#6 D:\wamp\www\framework\web\CController.php(308): CInlineAction->runWithParams(Array)
#7 D:\wamp\www\framework\web\CController.php(286): CController->runAction(Object(CInlineAction))
#8 D:\wamp\www\framework\web\CController.php(265): CController->runActionWithFilters(Object(CInlineAction), Array)
#9 D:\wamp\www\framework\web\CWebApplication.php(284): CController->run('login')
#10 D:\wamp\www\framework\web\CWebApplication.php(142): CWebApplication->runController('')
#11 D:\wamp\www\framework\base\CApplication.php(187): CWebApplication->processRequest()
#12 D:\wamp\www\reborn\index.php(25): CApplication->run()
#13 {main}
REQUEST_URI=/reborn/
---
2015/07/06 17:00:22 [error] [exception.CException] exception 'CException' with message '属性 "LoginForm.usertype" 未被定义.' in D:\wamp\www\framework\base\CComponent.php:173
Stack trace:
#0 D:\wamp\www\reborn\protected\views\user\login.php(54): CComponent->__set('usertype', 'student')
#1 D:\wamp\www\framework\web\CBaseController.php(126): require('D:\\wamp\\www\\reb...')
#2 D:\wamp\www\framework\web\CBaseController.php(95): CBaseController->renderInternal('D:\\wamp\\www\\reb...', Array, true)
#3 D:\wamp\www\framework\web\CController.php(869): CBaseController->renderFile('D:\\wamp\\www\\reb...', Array, true)
#4 D:\wamp\www\reborn\protected\controllers\UserController.php(40): CController->renderPartial('login', Array)
#5 D:\wamp\www\framework\web\actions\CInlineAction.php(49): UserController->actionLogin()
#6 D:\wamp\www\framework\web\CController.php(308): CInlineAction->runWithParams(Array)
#7 D:\wamp\www\framework\web\CController.php(286): CController->runAction(Object(CInlineAction))
#8 D:\wamp\www\framework\web\CController.php(265): CController->runActionWithFilters(Object(CInlineAction), Array)
#9 D:\wamp\www\framework\web\CWebApplication.php(284): CController->run('login')
#10 D:\wamp\www\framework\web\CWebApplication.php(142): CWebApplication->runController('')
#11 D:\wamp\www\framework\base\CApplication.php(187): CWebApplication->processRequest()
#12 D:\wamp\www\reborn\index.php(25): CApplication->run()
#13 {main}
REQUEST_URI=/reborn/
---
2015/07/06 17:00:23 [error] [exception.CException] exception 'CException' with message '属性 "LoginForm.usertype" 未被定义.' in D:\wamp\www\framework\base\CComponent.php:173
Stack trace:
#0 D:\wamp\www\reborn\protected\views\user\login.php(54): CComponent->__set('usertype', 'student')
#1 D:\wamp\www\framework\web\CBaseController.php(126): require('D:\\wamp\\www\\reb...')
#2 D:\wamp\www\framework\web\CBaseController.php(95): CBaseController->renderInternal('D:\\wamp\\www\\reb...', Array, true)
#3 D:\wamp\www\framework\web\CController.php(869): CBaseController->renderFile('D:\\wamp\\www\\reb...', Array, true)
#4 D:\wamp\www\reborn\protected\controllers\UserController.php(40): CController->renderPartial('login', Array)
#5 D:\wamp\www\framework\web\actions\CInlineAction.php(49): UserController->actionLogin()
#6 D:\wamp\www\framework\web\CController.php(308): CInlineAction->runWithParams(Array)
#7 D:\wamp\www\framework\web\CController.php(286): CController->runAction(Object(CInlineAction))
#8 D:\wamp\www\framework\web\CController.php(265): CController->runActionWithFilters(Object(CInlineAction), Array)
#9 D:\wamp\www\framework\web\CWebApplication.php(284): CController->run('login')
#10 D:\wamp\www\framework\web\CWebApplication.php(142): CWebApplication->runController('')
#11 D:\wamp\www\framework\base\CApplication.php(187): CWebApplication->processRequest()
#12 D:\wamp\www\reborn\index.php(25): CApplication->run()
#13 {main}
REQUEST_URI=/reborn/
---
2015/07/06 17:00:24 [error] [exception.CException] exception 'CException' with message '属性 "LoginForm.usertype" 未被定义.' in D:\wamp\www\framework\base\CComponent.php:173
Stack trace:
#0 D:\wamp\www\reborn\protected\views\user\login.php(54): CComponent->__set('usertype', 'student')
#1 D:\wamp\www\framework\web\CBaseController.php(126): require('D:\\wamp\\www\\reb...')
#2 D:\wamp\www\framework\web\CBaseController.php(95): CBaseController->renderInternal('D:\\wamp\\www\\reb...', Array, true)
#3 D:\wamp\www\framework\web\CController.php(869): CBaseController->renderFile('D:\\wamp\\www\\reb...', Array, true)
#4 D:\wamp\www\reborn\protected\controllers\UserController.php(40): CController->renderPartial('login', Array)
#5 D:\wamp\www\framework\web\actions\CInlineAction.php(49): UserController->actionLogin()
#6 D:\wamp\www\framework\web\CController.php(308): CInlineAction->runWithParams(Array)
#7 D:\wamp\www\framework\web\CController.php(286): CController->runAction(Object(CInlineAction))
#8 D:\wamp\www\framework\web\CController.php(265): CController->runActionWithFilters(Object(CInlineAction), Array)
#9 D:\wamp\www\framework\web\CWebApplication.php(284): CController->run('login')
#10 D:\wamp\www\framework\web\CWebApplication.php(142): CWebApplication->runController('')
#11 D:\wamp\www\framework\base\CApplication.php(187): CWebApplication->processRequest()
#12 D:\wamp\www\reborn\index.php(25): CApplication->run()
#13 {main}
REQUEST_URI=/reborn/
---
2015/07/06 17:02:13 [error] [php] Use of undefined constant JS_URL - assumed 'JS_URL' (D:\wamp\www\reborn\protected\views\user\login.php:233)
Stack trace:
#0 D:\wamp\www\framework\web\CController.php(869): UserController->renderFile()
#1 D:\wamp\www\reborn\protected\controllers\UserController.php(40): UserController->renderPartial()
#2 D:\wamp\www\framework\web\actions\CInlineAction.php(49): UserController->actionLogin()
#3 D:\wamp\www\framework\web\CController.php(308): CInlineAction->runWithParams()
#4 D:\wamp\www\framework\web\CController.php(286): UserController->runAction()
#5 D:\wamp\www\framework\web\CController.php(265): UserController->runActionWithFilters()
#6 D:\wamp\www\framework\web\CWebApplication.php(284): UserController->run()
#7 D:\wamp\www\framework\web\CWebApplication.php(142): CWebApplication->runController()
#8 D:\wamp\www\framework\base\CApplication.php(187): CWebApplication->processRequest()
#9 D:\wamp\www\reborn\index.php(25): CWebApplication->run()
REQUEST_URI=/reborn/
in D:\wamp\www\reborn\protected\views\user\login.php (233)
in D:\wamp\www\reborn\protected\controllers\UserController.php (40)
in D:\wamp\www\reborn\index.php (25)
2015/07/06 17:02:15 [error] [php] Use of undefined constant JS_URL - assumed 'JS_URL' (D:\wamp\www\reborn\protected\views\user\login.php:233)
Stack trace:
#0 D:\wamp\www\framework\web\CController.php(869): UserController->renderFile()
#1 D:\wamp\www\reborn\protected\controllers\UserController.php(40): UserController->renderPartial()
#2 D:\wamp\www\framework\web\actions\CInlineAction.php(49): UserController->actionLogin()
#3 D:\wamp\www\framework\web\CController.php(308): CInlineAction->runWithParams()
#4 D:\wamp\www\framework\web\CController.php(286): UserController->runAction()
#5 D:\wamp\www\framework\web\CController.php(265): UserController->runActionWithFilters()
#6 D:\wamp\www\framework\web\CWebApplication.php(284): UserController->run()
#7 D:\wamp\www\framework\web\CWebApplication.php(142): CWebApplication->runController()
#8 D:\wamp\www\framework\base\CApplication.php(187): CWebApplication->processRequest()
#9 D:\wamp\www\reborn\index.php(25): CWebApplication->run()
REQUEST_URI=/reborn/
in D:\wamp\www\reborn\protected\views\user\login.php (233)
in D:\wamp\www\reborn\protected\controllers\UserController.php (40)
in D:\wamp\www\reborn\index.php (25)
2015/07/06 17:02:38 [error] [php] Use of undefined constant JS_URL - assumed 'JS_URL' (D:\wamp\www\reborn\protected\views\user\login.php:233)
Stack trace:
#0 D:\wamp\www\framework\web\CController.php(869): UserController->renderFile()
#1 D:\wamp\www\reborn\protected\controllers\UserController.php(40): UserController->renderPartial()
#2 D:\wamp\www\framework\web\actions\CInlineAction.php(49): UserController->actionLogin()
#3 D:\wamp\www\framework\web\CController.php(308): CInlineAction->runWithParams()
#4 D:\wamp\www\framework\web\CController.php(286): UserController->runAction()
#5 D:\wamp\www\framework\web\CController.php(265): UserController->runActionWithFilters()
#6 D:\wamp\www\framework\web\CWebApplication.php(284): UserController->run()
#7 D:\wamp\www\framework\web\CWebApplication.php(142): CWebApplication->runController()
#8 D:\wamp\www\framework\base\CApplication.php(187): CWebApplication->processRequest()
#9 D:\wamp\www\reborn\index.php(25): CWebApplication->run()
REQUEST_URI=/reborn/
in D:\wamp\www\reborn\protected\views\user\login.php (233)
in D:\wamp\www\reborn\protected\controllers\UserController.php (40)
in D:\wamp\www\reborn\index.php (25)
2015/07/06 17:35:07 [error] [exception.CException] exception 'CException' with message 'AdminController 无法找到请求的视图 "index".' in D:\wamp\www\framework\web\CController.php:878
Stack trace:
#0 D:\wamp\www\framework\web\CController.php(782): CController->renderPartial('index', NULL, true)
#1 D:\wamp\www\reborn\protected\controllers\AdminController.php(8): CController->render('index')
#2 D:\wamp\www\framework\web\actions\CInlineAction.php(49): AdminController->actionIndex()
#3 D:\wamp\www\framework\web\CController.php(308): CInlineAction->runWithParams(Array)
#4 D:\wamp\www\framework\web\CController.php(286): CController->runAction(Object(CInlineAction))
#5 D:\wamp\www\framework\web\CController.php(265): CController->runActionWithFilters(Object(CInlineAction), Array)
#6 D:\wamp\www\framework\web\CWebApplication.php(284): CController->run('index')
#7 D:\wamp\www\framework\web\CWebApplication.php(142): CWebApplication->runController('admin/index')
#8 D:\wamp\www\framework\base\CApplication.php(187): CWebApplication->processRequest()
#9 D:\wamp\www\reborn\index.php(25): CApplication->run()
#10 {main}
REQUEST_URI=/reborn/index.php?r=admin/index
HTTP_REFERER=https://192.168.101.235/reborn/
---
2015/07/06 17:35:40 [error] [exception.CException] exception 'CException' with message 'AdminController 无法找到请求的视图 "index".' in D:\wamp\www\framework\web\CController.php:878
Stack trace:
#0 D:\wamp\www\framework\web\CController.php(782): CController->renderPartial('index', NULL, true)
#1 D:\wamp\www\reborn\protected\controllers\AdminController.php(8): CController->render('index')
#2 D:\wamp\www\framework\web\actions\CInlineAction.php(49): AdminController->actionIndex()
#3 D:\wamp\www\framework\web\CController.php(308): CInlineAction->runWithParams(Array)
#4 D:\wamp\www\framework\web\CController.php(286): CController->runAction(Object(CInlineAction))
#5 D:\wamp\www\framework\web\CController.php(265): CController->runActionWithFilters(Object(CInlineAction), Array)
#6 D:\wamp\www\framework\web\CWebApplication.php(284): CController->run('index')
#7 D:\wamp\www\framework\web\CWebApplication.php(142): CWebApplication->runController('admin/index')
#8 D:\wamp\www\framework\base\CApplication.php(187): CWebApplication->processRequest()
#9 D:\wamp\www\reborn\index.php(25): CApplication->run()
#10 {main}
REQUEST_URI=/reborn/index.php?r=admin/index
HTTP_REFERER=https://192.168.101.235/reborn/
---
2015/07/06 18:00:43 [error] [php] Use of undefined constant JS_URL - assumed 'JS_URL' (D:\wamp\www\reborn\protected\views\admin\index.php:80)
Stack trace:
#0 D:\wamp\www\framework\web\CController.php(869): AdminController->renderFile()
#1 D:\wamp\www\framework\web\CController.php(782): AdminController->renderPartial()
#2 D:\wamp\www\reborn\protected\controllers\AdminController.php(8): AdminController->render()
#3 D:\wamp\www\framework\web\actions\CInlineAction.php(49): AdminController->actionIndex()
#4 D:\wamp\www\framework\web\CController.php(308): CInlineAction->runWithParams()
#5 D:\wamp\www\framework\web\CController.php(286): AdminController->runAction()
#6 D:\wamp\www\framework\web\CController.php(265): AdminController->runActionWithFilters()
#7 D:\wamp\www\framework\web\CWebApplication.php(284): AdminController->run()
#8 D:\wamp\www\framework\web\CWebApplication.php(142): CWebApplication->runController()
#9 D:\wamp\www\framework\base\CApplication.php(187): CWebApplication->processRequest()
#10 D:\wamp\www\reborn\index.php(26): CWebApplication->run()
REQUEST_URI=/reborn/index.php?r=admin/index
in D:\wamp\www\reborn\protected\views\admin\index.php (80)
in D:\wamp\www\reborn\protected\controllers\AdminController.php (8)
in D:\wamp\www\reborn\index.php (26)
2015/07/06 19:48:30 [error] [exception.CException] exception 'CException' with message 'AdminController 无法找到请求的视图 "stuLst".' in D:\wamp\www\framework\web\CController.php:878
Stack trace:
#0 D:\wamp\www\reborn\protected\controllers\AdminController.php(140): CController->renderPartial('stuLst', Array, false, true)
#1 D:\wamp\www\framework\web\actions\CInlineAction.php(49): AdminController->actionStuLst()
#2 D:\wamp\www\framework\web\CController.php(308): CInlineAction->runWithParams(Array)
#3 D:\wamp\www\framework\web\CController.php(286): CController->runAction(Object(CInlineAction))
#4 D:\wamp\www\framework\web\CController.php(265): CController->runActionWithFilters(Object(CInlineAction), Array)
#5 D:\wamp\www\framework\web\CWebApplication.php(284): CController->run('stuLst')
#6 D:\wamp\www\framework\web\CWebApplication.php(142): CWebApplication->runController('admin/stuLst')
#7 D:\wamp\www\framework\base\CApplication.php(187): CWebApplication->processRequest()
#8 D:\wamp\www\reborn\index.php(26): CApplication->run()
#9 {main}
REQUEST_URI=/reborn/index.php?r=admin/stuLst
HTTP_REFERER=https://192.168.101.235/reborn/index.php?r=admin/index
---
2015/07/06 19:50:12 [error] [exception.CException] exception 'CException' with message 'AdminController 无法找到请求的视图 "stuLst".' in D:\wamp\www\framework\web\CController.php:878
Stack trace:
#0 D:\wamp\www\reborn\protected\controllers\AdminController.php(140): CController->renderPartial('stuLst', Array, false, true)
#1 D:\wamp\www\framework\web\actions\CInlineAction.php(49): AdminController->actionStuLst()
#2 D:\wamp\www\framework\web\CController.php(308): CInlineAction->runWithParams(Array)
#3 D:\wamp\www\framework\web\CController.php(286): CController->runAction(Object(CInlineAction))
#4 D:\wamp\www\framework\web\CController.php(265): CController->runActionWithFilters(Object(CInlineAction), Array)
#5 D:\wamp\www\framework\web\CWebApplication.php(284): CController->run('stuLst')
#6 D:\wamp\www\framework\web\CWebApplication.php(142): CWebApplication->runController('admin/stuLst')
#7 D:\wamp\www\framework\base\CApplication.php(187): CWebApplication->processRequest()
#8 D:\wamp\www\reborn\index.php(26): CApplication->run()
#9 {main}
REQUEST_URI=/reborn/index.php?r=admin/stuLst
HTTP_REFERER=https://192.168.101.235/reborn/index.php?r=admin/index
---
2015/07/06 20:03:54 [error] [exception.CException] exception 'CException' with message 'AdminController 无法找到请求的视图 "stuLst".' in D:\wamp\www\framework\web\CController.php:878
Stack trace:
#0 D:\wamp\www\reborn\protected\controllers\AdminController.php(140): CController->renderPartial('stuLst', Array, false, true)
#1 D:\wamp\www\framework\web\actions\CInlineAction.php(49): AdminController->actionStuLst()
#2 D:\wamp\www\framework\web\CController.php(308): CInlineAction->runWithParams(Array)
#3 D:\wamp\www\framework\web\CController.php(286): CController->runAction(Object(CInlineAction))
#4 D:\wamp\www\framework\web\CController.php(265): CController->runActionWithFilters(Object(CInlineAction), Array)
#5 D:\wamp\www\framework\web\CWebApplication.php(284): CController->run('stuLst')
#6 D:\wamp\www\framework\web\CWebApplication.php(142): CWebApplication->runController('admin/stuLst')
#7 D:\wamp\www\framework\base\CApplication.php(187): CWebApplication->processRequest()
#8 D:\wamp\www\reborn\index.php(26): CApplication->run()
#9 {main}
REQUEST_URI=/reborn/index.php?r=admin/stuLst
HTTP_REFERER=https://192.168.101.235/reborn/index.php?r=admin/index
---
